<?xml version="1.0" encoding="UTF-8"?>
<!-- Generated by org.testng.reporters.JUnitReportReporter -->
<testsuite hostname="Mohaan" failures="0" tests="1" name="Endpoints.userEndpointsAnnote" time="0.456" errors="0" timestamp="2025-08-30T10:28:49 IST" skipped="0">
  <testcase classname="Endpoints.userEndpointsAnnote" name="userprofile" time="0.456"/>
</testsuite> <!-- Endpoints.userEndpointsAnnote -->
