<?xml version="1.0" encoding="UTF-8"?>
<!-- Generated by org.testng.reporters.JUnitReportReporter -->
<testsuite hostname="Mohaan" failures="0" tests="3" name="UserTests.UserEndPointsTestcases" time="5.167" errors="0" timestamp="2025-09-07T10:36:57 IST" skipped="0">
  <testcase classname="UserTests.UserEndPointsTestcases" name="createuser" time="3.490"/>
  <testcase classname="UserTests.UserEndPointsTestcases" name="loginuser" time="1.167"/>
  <testcase classname="UserTests.UserEndPointsTestcases" name="userprofile" time="0.510"/>
</testsuite> <!-- UserTests.UserEndPointsTestcases -->
