<?xml version="1.0" encoding="UTF-8"?>
<!-- Generated by org.testng.reporters.JUnitReportReporter -->
<testsuite hostname="Mohaan" failures="0" tests="3" name="UserTests.UserEndpoints_POJO" time="5.884" errors="0" timestamp="2025-09-13T11:25:26 IST" skipped="0">
  <testcase classname="UserTests.UserEndpoints_POJO" name="createuser" time="4.035"/>
  <testcase classname="UserTests.UserEndpoints_POJO" name="loginuser" time="1.351"/>
  <testcase classname="UserTests.UserEndpoints_POJO" name="userprofile" time="0.498"/>
</testsuite> <!-- UserTests.UserEndpoints_POJO -->
