<?xml version="1.0" encoding="UTF-8"?>
<!-- Generated by org.testng.reporters.JUnitReportReporter -->
<testsuite hostname="Mohaan" failures="0" tests="3" name="UserTests.UserEndpoints_POJO" time="4.891" errors="0" timestamp="2025-09-07T10:16:11 IST" skipped="0">
  <testcase classname="UserTests.UserEndpoints_POJO" name="createuser" time="3.826"/>
  <testcase classname="UserTests.UserEndpoints_POJO" name="loginuser" time="0.589"/>
  <testcase classname="UserTests.UserEndpoints_POJO" name="userprofile" time="0.476"/>
</testsuite> <!-- UserTests.UserEndpoints_POJO -->
