<?xml version="1.0" encoding="UTF-8"?>
<!-- Generated by org.testng.reporters.JUnitReportReporter -->
<testsuite hostname="Mohaan" failures="0" tests="3" name="UserTests.UserEndPointsTestcases" time="9.231" errors="0" timestamp="2025-09-07T11:09:28 IST" skipped="0">
  <testcase classname="UserTests.UserEndPointsTestcases" name="createuser" time="6.224"/>
  <testcase classname="UserTests.UserEndPointsTestcases" name="loginuser" time="2.421"/>
  <testcase classname="UserTests.UserEndPointsTestcases" name="userprofile" time="0.586"/>
</testsuite> <!-- UserTests.UserEndPointsTestcases -->
