<?xml version="1.0" encoding="UTF-8"?>
<!-- Generated by org.testng.reporters.JUnitReportReporter -->
<testsuite hostname="Mohaan" failures="0" tests="3" name="UserTests.UserEndPointsTestcases" time="7.920" errors="0" timestamp="2025-09-13T11:07:58 IST" skipped="0">
  <testcase classname="UserTests.UserEndPointsTestcases" name="createuser" time="5.131"/>
  <testcase classname="UserTests.UserEndPointsTestcases" name="loginuser" time="2.263"/>
  <testcase classname="UserTests.UserEndPointsTestcases" name="userprofile" time="0.526"/>
</testsuite> <!-- UserTests.UserEndPointsTestcases -->
